{
  "stats": {
    "suites": 1,
    "tests": 1,
    "passes": 0,
    "pending": 0,
    "failures": 1,
    "start": "2026-07-12T14:21:20.553Z",
    "end": "2026-07-12T14:23:57.593Z",
    "duration": 157040,
    "testsRegistered": 1,
    "passPercent": 0,
    "pendingPercent": 0,
    "other": 1,
    "hasOther": true,
    "skipped": 0,
    "hasSkipped": false
  },
  "results": [
    {
      "uuid": "75bb3cad-204e-4bdd-8f9c-73ec0ab6b5d2",
      "title": "",
      "fullFile": "cypress\\e2e\\login.cy.js",
      "file": "cypress\\e2e\\login.cy.js",
      "beforeHooks": [],
      "afterHooks": [],
      "tests": [],
      "suites": [
        {
          "uuid": "5204996e-da22-4ea8-a2ed-59a06bb82cb7",
          "title": "le site glowria",
          "fullFile": "",
          "file": "",
          "beforeHooks": [],
          "afterHooks": [],
          "tests": [
            {
              "title": "Sign up et commande complète sur le site",
              "fullTitle": "le site glowria Sign up et commande complète sur le site",
              "timedOut": null,
              "duration": 61588,
              "state": "failed",
              "speed": null,
              "pass": false,
              "fail": true,
              "pending": false,
              "context": null,
              "code": "const uniqueEmail = `test${Date.now()}@gmail.com`;\ncy.intercept('GET', '**/check-email-exists*').as('checkEmail');\n_loginpom.default.ClickInsc();\n_loginpom.default.saisirEmail(uniqueEmail);\n_loginpom.default.clickLogin();\ncy.wait('@checkEmail');\ncy.url().should('include', '/signup?', {\n  timeout: 10000\n});\n_loginpom.default.goRemp(\"firstname\", \"lastname\", uniqueEmail, \"Andunlm2!\", \"15061990\");\n_loginpom.default.Checkbox();\n_loginpom.default.ClickInscrip();\ncy.url({\n  timeout: 60000\n}).should('include', '/signup?');\n_loginpom.default.clickAchat();\ncy.url().should('include', '/personal/presentation/glowria?_gl', {\n  timeout: 10000\n});\n_loginpom.default.clickChose();\ncy.url().should('include', 'order/personal/creation/50/glplan12?_gl', {\n  timeout: 10000\n});\n_achatpom.default.remplirCommande(\"Jean\", \"Dupont\", \"10 rue de Rivoli\", \"Rivoli\", \"Bâtiment A\", \"0612345678\");\n_achatpom.default.Govalid();\ncy.url().should('include', 'secure.payzen.eu/vads-payment');\n_achatpom.default.Payment('16.50 EUR', '11', '2033', '123', 'Tarek aili', '5000100000000014');",
              "err": {
                "message": "CypressError: `cy.task('writeAllureResults')` timed out after waiting `60000ms`.\n\nhttps://on.cypress.io/api/task\n\nBecause this error occurred during a `after each` hook we are skipping all of the remaining tests.",
                "estack": "CypressError: `cy.task('writeAllureResults')` timed out after waiting `60000ms`.\n\nhttps://on.cypress.io/api/task\n\nBecause this error occurred during a `after each` hook we are skipping all of the remaining tests.\n    at <unknown> (https://glowria.com/__cypress/runner/cypress_runner.js:138703:70)\n    at tryCatcher (https://glowria.com/__cypress/runner/cypress_runner.js:1777:23)\n    at <unknown> (https://glowria.com/__cypress/runner/cypress_runner.js:4156:41)\n    at tryCatcher (https://glowria.com/__cypress/runner/cypress_runner.js:1777:23)\n    at Promise._settlePromiseFromHandler (https://glowria.com/__cypress/runner/cypress_runner.js:1489:31)\n    at Promise._settlePromise (https://glowria.com/__cypress/runner/cypress_runner.js:1546:18)\n    at Promise._settlePromise0 (https://glowria.com/__cypress/runner/cypress_runner.js:1591:10)\n    at Promise._settlePromises (https://glowria.com/__cypress/runner/cypress_runner.js:1667:18)\n    at _drainQueueStep (https://glowria.com/__cypress/runner/cypress_runner.js:2377:12)\n    at _drainQueue (https://glowria.com/__cypress/runner/cypress_runner.js:2370:9)\n    at Async._drainQueues (https://glowria.com/__cypress/runner/cypress_runner.js:2386:5)\n    at Async.drainQueues (https://glowria.com/__cypress/runner/cypress_runner.js:2256:14)\nFrom Your Spec Code:\n    at invokeResultsWriter (webpack://demoblaze-cypress/./node_modules/@shelex/cypress-allure-plugin/reporter/index.js:90:0)\n    at Context.eval (webpack://demoblaze-cypress/./node_modules/@shelex/cypress-allure-plugin/reporter/index.js:426:0)\n    at getRet (https://glowria.com/__cypress/runner/cypress_runner.js:121066:20)\n    at tryCatcher (https://glowria.com/__cypress/runner/cypress_runner.js:1777:23)\n    at Promise.attempt.Promise.try (https://glowria.com/__cypress/runner/cypress_runner.js:4285:29)\n    at Context.thenFn (https://glowria.com/__cypress/runner/cypress_runner.js:121077:66)\n    at Context.then (https://glowria.com/__cypress/runner/cypress_runner.js:121328:21)\n    at wrapped (https://glowria.com/__cypress/runner/cypress_runner.js:141671:19)",
                "diff": null
              },
              "uuid": "6cd3bb86-6b28-4463-8e61-f255a7e7f82d",
              "parentUUID": "5204996e-da22-4ea8-a2ed-59a06bb82cb7",
              "isHook": false,
              "skipped": false
            }
          ],
          "suites": [],
          "passes": [],
          "failures": [
            "6cd3bb86-6b28-4463-8e61-f255a7e7f82d"
          ],
          "pending": [],
          "skipped": [],
          "duration": 61588,
          "root": false,
          "rootEmpty": false,
          "_timeout": 2000
        }
      ],
      "passes": [],
      "failures": [],
      "pending": [],
      "skipped": [],
      "duration": 0,
      "root": true,
      "rootEmpty": true,
      "_timeout": 2000
    }
  ],
  "meta": {
    "mocha": {
      "version": "7.2.0"
    },
    "mochawesome": {
      "options": {
        "quiet": false,
        "reportFilename": "mochawesome",
        "saveHtml": false,
        "saveJson": true,
        "consoleReporter": "spec",
        "useInlineDiffs": false,
        "code": true
      },
      "version": "7.1.4"
    },
    "marge": {
      "options": {
        "reportDir": "cypress/reports/mochawesome",
        "overwrite": true,
        "html": false,
        "json": true
      },
      "version": "6.3.2"
    }
  }
}